7 devices found
This HID Device has 514 elements.
Element   0 Collection  Usage   1  UsagePage 65280
Element   1 Button      Usage  -1  UsagePage 65280
Element   2 Button      Usage  -1  UsagePage 65280
Element   3 Button      Usage  -1  UsagePage 65280
Element   4 Button      Usage  -1  UsagePage 65280
Element   5 Button      Usage  -1  UsagePage 65280
Element   6 Button      Usage  -1  UsagePage 65280
Element   7 Button      Usage  -1  UsagePage 65280
Element   8 Button      Usage  -1  UsagePage 65280
Element   9 Button      Usage  -1  UsagePage 65280
Element  10 Button      Usage  -1  UsagePage 65280
Element  11 Button      Usage  -1  UsagePage 65280
Element  12 Button      Usage  -1  UsagePage 65280
Element  13 Button      Usage  -1  UsagePage 65280
Element  14 Button      Usage  -1  UsagePage 65280
Element  15 Button      Usage  -1  UsagePage 65280
Element  16 Button      Usage  -1  UsagePage 65280
Element  17 Button      Usage  -1  UsagePage 65280
Element  18 Button      Usage  -1  UsagePage 65280
Element  19 Button      Usage  -1  UsagePage 65280
Element  20 Button      Usage  -1  UsagePage 65280
Element  21 Button      Usage  -1  UsagePage 65280
Element  22 Button      Usage  -1  UsagePage 65280
Element  23 Button      Usage  -1  UsagePage 65280
Element  24 Button      Usage  -1  UsagePage 65280
Element  25 Button      Usage  -1  UsagePage 65280
Element  26 Button      Usage  -1  UsagePage 65280
Element  27 Button      Usage  -1  UsagePage 65280
Element  28 Button      Usage  -1  UsagePage 65280
Element  29 Button      Usage  -1  UsagePage 65280
Element  30 Button      Usage  -1  UsagePage 65280
Element  31 Button      Usage  -1  UsagePage 65280
Element  32 Button      Usage  -1  UsagePage 65280
Element  33 Button      Usage  -1  UsagePage 65280
Element  34 Button      Usage  -1  UsagePage 65280
Element  35 Button      Usage  -1  UsagePage 65280
Element  36 Button      Usage  -1  UsagePage 65280
Element  37 Button      Usage  -1  UsagePage 65280
Element  38 Button      Usage  -1  UsagePage 65280
Element  39 Button      Usage  -1  UsagePage 65280
Element  40 Button      Usage  -1  UsagePage 65280
Element  41 Button      Usage  -1  UsagePage 65280
Element  42 Button      Usage  -1  UsagePage 65280
Element  43 Button      Usage  -1  UsagePage 65280
Element  44 Button      Usage  -1  UsagePage 65280
Element  45 Button      Usage  -1  UsagePage 65280
Element  46 Button      Usage  -1  UsagePage 65280
Element  47 Button      Usage  -1  UsagePage 65280
Element  48 Button      Usage  -1  UsagePage 65280
Element  49 Button      Usage  -1  UsagePage 65280
Element  50 Button      Usage  -1  UsagePage 65280
Element  51 Button      Usage  -1  UsagePage 65280
Element  52 Button      Usage  -1  UsagePage 65280
Element  53 Button      Usage  -1  UsagePage 65280
Element  54 Button      Usage  -1  UsagePage 65280
Element  55 Button      Usage  -1  UsagePage 65280
Element  56 Button      Usage  -1  UsagePage 65280
Element  57 Button      Usage  -1  UsagePage 65280
Element  58 Button      Usage  -1  UsagePage 65280
Element  59 Button      Usage  -1  UsagePage 65280
Element  60 Button      Usage  -1  UsagePage 65280
Element  61 Button      Usage  -1  UsagePage 65280
Element  62 Button      Usage  -1  UsagePage 65280
Element  63 Button      Usage  -1  UsagePage 65280
Element  64 Button      Usage  -1  UsagePage 65280
Element  65 Button      Usage  -1  UsagePage 65280
Element  66 Button      Usage  -1  UsagePage 65280
Element  67 Button      Usage  -1  UsagePage 65280
Element  68 Button      Usage  -1  UsagePage 65280
Element  69 Button      Usage  -1  UsagePage 65280
Element  70 Button      Usage  -1  UsagePage 65280
Element  71 Button      Usage  -1  UsagePage 65280
Element  72 Button      Usage  -1  UsagePage 65280
Element  73 Button      Usage  -1  UsagePage 65280
Element  74 Button      Usage  -1  UsagePage 65280
Element  75 Button      Usage  -1  UsagePage 65280
Element  76 Button      Usage  -1  UsagePage 65280
Element  77 Button      Usage  -1  UsagePage 65280
Element  78 Button      Usage  -1  UsagePage 65280
Element  79 Button      Usage  -1  UsagePage 65280
Element  80 Button      Usage  -1  UsagePage 65280
Element  81 Button      Usage  -1  UsagePage 65280
Element  82 Button      Usage  -1  UsagePage 65280
Element  83 Button      Usage  -1  UsagePage 65280
Element  84 Button      Usage  -1  UsagePage 65280
Element  85 Button      Usage  -1  UsagePage 65280
Element  86 Button      Usage  -1  UsagePage 65280
Element  87 Button      Usage  -1  UsagePage 65280
Element  88 Button      Usage  -1  UsagePage 65280
Element  89 Button      Usage  -1  UsagePage 65280
Element  90 Button      Usage  -1  UsagePage 65280
Element  91 Button      Usage  -1  UsagePage 65280
Element  92 Button      Usage  -1  UsagePage 65280
Element  93 Button      Usage  -1  UsagePage 65280
Element  94 Button      Usage  -1  UsagePage 65280
Element  95 Button      Usage  -1  UsagePage 65280
Element  96 Button      Usage  -1  UsagePage 65280
Element  97 Button      Usage  -1  UsagePage 65280
Element  98 Button      Usage  -1  UsagePage 65280
Element  99 Button      Usage  -1  UsagePage 65280
Element 100 Button      Usage  -1  UsagePage 65280
Element 101 Button      Usage  -1  UsagePage 65280
Element 102 Button      Usage  -1  UsagePage 65280
Element 103 Button      Usage  -1  UsagePage 65280
Element 104 Button      Usage  -1  UsagePage 65280
Element 105 Button      Usage  -1  UsagePage 65280
Element 106 Button      Usage  -1  UsagePage 65280
Element 107 Button      Usage  -1  UsagePage 65280
Element 108 Button      Usage  -1  UsagePage 65280
Element 109 Button      Usage  -1  UsagePage 65280
Element 110 Button      Usage  -1  UsagePage 65280
Element 111 Button      Usage  -1  UsagePage 65280
Element 112 Button      Usage  -1  UsagePage 65280
Element 113 Button      Usage  -1  UsagePage 65280
Element 114 Button      Usage  -1  UsagePage 65280
Element 115 Button      Usage  -1  UsagePage 65280
Element 116 Button      Usage  -1  UsagePage 65280
Element 117 Button      Usage  -1  UsagePage 65280
Element 118 Button      Usage  -1  UsagePage 65280
Element 119 Button      Usage  -1  UsagePage 65280
Element 120 Button      Usage  -1  UsagePage 65280
Element 121 Button      Usage  -1  UsagePage 65280
Element 122 Button      Usage  -1  UsagePage 65280
Element 123 Button      Usage  -1  UsagePage 65280
Element 124 Button      Usage  -1  UsagePage 65280
Element 125 Button      Usage  -1  UsagePage 65280
Element 126 Button      Usage  -1  UsagePage 65280
Element 127 Button      Usage  -1  UsagePage 65280
Element 128 Button      Usage  -1  UsagePage 65280
Element 129 Button      Usage  -1  UsagePage 65280
Element 130 Button      Usage  -1  UsagePage 65280
Element 131 Button      Usage  -1  UsagePage 65280
Element 132 Button      Usage  -1  UsagePage 65280
Element 133 Button      Usage  -1  UsagePage 65280
Element 134 Button      Usage  -1  UsagePage 65280
Element 135 Button      Usage  -1  UsagePage 65280
Element 136 Button      Usage  -1  UsagePage 65280
Element 137 Button      Usage  -1  UsagePage 65280
Element 138 Button      Usage  -1  UsagePage 65280
Element 139 Button      Usage  -1  UsagePage 65280
Element 140 Button      Usage  -1  UsagePage 65280
Element 141 Button      Usage  -1  UsagePage 65280
Element 142 Button      Usage  -1  UsagePage 65280
Element 143 Button      Usage  -1  UsagePage 65280
Element 144 Button      Usage  -1  UsagePage 65280
Element 145 Button      Usage  -1  UsagePage 65280
Element 146 Button      Usage  -1  UsagePage 65280
Element 147 Button      Usage  -1  UsagePage 65280
Element 148 Button      Usage  -1  UsagePage 65280
Element 149 Button      Usage  -1  UsagePage 65280
Element 150 Button      Usage  -1  UsagePage 65280
Element 151 Button      Usage  -1  UsagePage 65280
Element 152 Button      Usage  -1  UsagePage 65280
Element 153 Button      Usage  -1  UsagePage 65280
Element 154 Button      Usage  -1  UsagePage 65280
Element 155 Button      Usage  -1  UsagePage 65280
Element 156 Button      Usage  -1  UsagePage 65280
Element 157 Button      Usage  -1  UsagePage 65280
Element 158 Button      Usage  -1  UsagePage 65280
Element 159 Button      Usage  -1  UsagePage 65280
Element 160 Button      Usage  -1  UsagePage 65280
Element 161 Button      Usage  -1  UsagePage 65280
Element 162 Button      Usage  -1  UsagePage 65280
Element 163 Button      Usage  -1  UsagePage 65280
Element 164 Button      Usage  -1  UsagePage 65280
Element 165 Button      Usage  -1  UsagePage 65280
Element 166 Button      Usage  -1  UsagePage 65280
Element 167 Button      Usage  -1  UsagePage 65280
Element 168 Button      Usage  -1  UsagePage 65280
Element 169 Button      Usage  -1  UsagePage 65280
Element 170 Button      Usage  -1  UsagePage 65280
Element 171 Button      Usage  -1  UsagePage 65280
Element 172 Button      Usage  -1  UsagePage 65280
Element 173 Button      Usage  -1  UsagePage 65280
Element 174 Button      Usage  -1  UsagePage 65280
Element 175 Button      Usage  -1  UsagePage 65280
Element 176 Button      Usage  -1  UsagePage 65280
Element 177 Button      Usage  -1  UsagePage 65280
Element 178 Button      Usage  -1  UsagePage 65280
Element 179 Button      Usage  -1  UsagePage 65280
Element 180 Button      Usage  -1  UsagePage 65280
Element 181 Button      Usage  -1  UsagePage 65280
Element 182 Button      Usage  -1  UsagePage 65280
Element 183 Button      Usage  -1  UsagePage 65280
Element 184 Button      Usage  -1  UsagePage 65280
Element 185 Button      Usage  -1  UsagePage 65280
Element 186 Button      Usage  -1  UsagePage 65280
Element 187 Button      Usage  -1  UsagePage 65280
Element 188 Button      Usage  -1  UsagePage 65280
Element 189 Button      Usage  -1  UsagePage 65280
Element 190 Button      Usage  -1  UsagePage 65280
Element 191 Button      Usage  -1  UsagePage 65280
Element 192 Button      Usage  -1  UsagePage 65280
Element 193 Button      Usage  -1  UsagePage 65280
Element 194 Button      Usage  -1  UsagePage 65280
Element 195 Button      Usage  -1  UsagePage 65280
Element 196 Button      Usage  -1  UsagePage 65280
Element 197 Button      Usage  -1  UsagePage 65280
Element 198 Button      Usage  -1  UsagePage 65280
Element 199 Button      Usage  -1  UsagePage 65280
Element 200 Button      Usage  -1  UsagePage 65280
Element 201 Button      Usage  -1  UsagePage 65280
Element 202 Button      Usage  -1  UsagePage 65280
Element 203 Button      Usage  -1  UsagePage 65280
Element 204 Button      Usage  -1  UsagePage 65280
Element 205 Button      Usage  -1  UsagePage 65280
Element 206 Button      Usage  -1  UsagePage 65280
Element 207 Button      Usage  -1  UsagePage 65280
Element 208 Button      Usage  -1  UsagePage 65280
Element 209 Button      Usage  -1  UsagePage 65280
Element 210 Button      Usage  -1  UsagePage 65280
Element 211 Button      Usage  -1  UsagePage 65280
Element 212 Button      Usage  -1  UsagePage 65280
Element 213 Button      Usage  -1  UsagePage 65280
Element 214 Button      Usage  -1  UsagePage 65280
Element 215 Button      Usage  -1  UsagePage 65280
Element 216 Button      Usage  -1  UsagePage 65280
Element 217 Button      Usage  -1  UsagePage 65280
Element 218 Button      Usage  -1  UsagePage 65280
Element 219 Button      Usage  -1  UsagePage 65280
Element 220 Button      Usage  -1  UsagePage 65280
Element 221 Button      Usage  -1  UsagePage 65280
Element 222 Button      Usage  -1  UsagePage 65280
Element 223 Button      Usage  -1  UsagePage 65280
Element 224 Button      Usage  -1  UsagePage 65280
Element 225 Button      Usage  -1  UsagePage 65280
Element 226 Button      Usage  -1  UsagePage 65280
Element 227 Button      Usage  -1  UsagePage 65280
Element 228 Button      Usage  -1  UsagePage 65280
Element 229 Button      Usage  -1  UsagePage 65280
Element 230 Button      Usage  -1  UsagePage 65280
Element 231 Button      Usage  -1  UsagePage 65280
Element 232 Button      Usage  -1  UsagePage 65280
Element 233 Button      Usage  -1  UsagePage 65280
Element 234 Button      Usage  -1  UsagePage 65280
Element 235 Button      Usage  -1  UsagePage 65280
Element 236 Button      Usage  -1  UsagePage 65280
Element 237 Button      Usage  -1  UsagePage 65280
Element 238 Button      Usage  -1  UsagePage 65280
Element 239 Button      Usage  -1  UsagePage 65280
Element 240 Button      Usage  -1  UsagePage 65280
Element 241 Button      Usage  -1  UsagePage 65280
Element 242 Button      Usage  -1  UsagePage 65280
Element 243 Button      Usage  -1  UsagePage 65280
Element 244 Button      Usage  -1  UsagePage 65280
Element 245 Button      Usage  -1  UsagePage 65280
Element 246 Button      Usage  -1  UsagePage 65280
Element 247 Button      Usage  -1  UsagePage 65280
Element 248 Button      Usage  -1  UsagePage 65280
Element 249 Button      Usage  -1  UsagePage 65280
Element 250 Button      Usage  -1  UsagePage 65280
Element 251 Button      Usage  -1  UsagePage 65280
Element 252 Button      Usage  -1  UsagePage 65280
Element 253 Button      Usage  -1  UsagePage 65280
Element 254 Button      Usage  -1  UsagePage 65280
Element 255 Button      Usage  -1  UsagePage 65280
Element 256 Button      Usage  -1  UsagePage 65280
Element 257 Button      Usage  -1  UsagePage 65280
Element 258 Button      Usage  -1  UsagePage 65280
Element 259 Button      Usage  -1  UsagePage 65280
Element 260 Button      Usage  -1  UsagePage 65280
Element 261 Button      Usage  -1  UsagePage 65280
Element 262 Button      Usage  -1  UsagePage 65280
Element 263 Button      Usage  -1  UsagePage 65280
Element 264 Button      Usage  -1  UsagePage 65280
Element 265 Button      Usage  -1  UsagePage 65280
Element 266 Button      Usage  -1  UsagePage 65280
Element 267 Button      Usage  -1  UsagePage 65280
Element 268 Button      Usage  -1  UsagePage 65280
Element 269 Button      Usage  -1  UsagePage 65280
Element 270 Button      Usage  -1  UsagePage 65280
Element 271 Button      Usage  -1  UsagePage 65280
Element 272 Button      Usage  -1  UsagePage 65280
Element 273 Button      Usage  -1  UsagePage 65280
Element 274 Button      Usage  -1  UsagePage 65280
Element 275 Button      Usage  -1  UsagePage 65280
Element 276 Button      Usage  -1  UsagePage 65280
Element 277 Button      Usage  -1  UsagePage 65280
Element 278 Button      Usage  -1  UsagePage 65280
Element 279 Button      Usage  -1  UsagePage 65280
Element 280 Button      Usage  -1  UsagePage 65280
Element 281 Button      Usage  -1  UsagePage 65280
Element 282 Button      Usage  -1  UsagePage 65280
Element 283 Button      Usage  -1  UsagePage 65280
Element 284 Button      Usage  -1  UsagePage 65280
Element 285 Button      Usage  -1  UsagePage 65280
Element 286 Button      Usage  -1  UsagePage 65280
Element 287 Button      Usage  -1  UsagePage 65280
Element 288 Button      Usage  -1  UsagePage 65280
Element 289 Button      Usage  -1  UsagePage 65280
Element 290 Button      Usage  -1  UsagePage 65280
Element 291 Button      Usage  -1  UsagePage 65280
Element 292 Button      Usage  -1  UsagePage 65280
Element 293 Button      Usage  -1  UsagePage 65280
Element 294 Button      Usage  -1  UsagePage 65280
Element 295 Button      Usage  -1  UsagePage 65280
Element 296 Button      Usage  -1  UsagePage 65280
Element 297 Button      Usage  -1  UsagePage 65280
Element 298 Button      Usage  -1  UsagePage 65280
Element 299 Button      Usage  -1  UsagePage 65280
Element 300 Button      Usage  -1  UsagePage 65280
Element 301 Button      Usage  -1  UsagePage 65280
Element 302 Button      Usage  -1  UsagePage 65280
Element 303 Button      Usage  -1  UsagePage 65280
Element 304 Button      Usage  -1  UsagePage 65280
Element 305 Button      Usage  -1  UsagePage 65280
Element 306 Button      Usage  -1  UsagePage 65280
Element 307 Button      Usage  -1  UsagePage 65280
Element 308 Button      Usage  -1  UsagePage 65280
Element 309 Button      Usage  -1  UsagePage 65280
Element 310 Button      Usage  -1  UsagePage 65280
Element 311 Button      Usage  -1  UsagePage 65280
Element 312 Button      Usage  -1  UsagePage 65280
Element 313 Button      Usage  -1  UsagePage 65280
Element 314 Button      Usage  -1  UsagePage 65280
Element 315 Button      Usage  -1  UsagePage 65280
Element 316 Button      Usage  -1  UsagePage 65280
Element 317 Button      Usage  -1  UsagePage 65280
Element 318 Button      Usage  -1  UsagePage 65280
Element 319 Button      Usage  -1  UsagePage 65280
Element 320 Button      Usage  -1  UsagePage 65280
Element 321 Button      Usage  -1  UsagePage 65280
Element 322 Button      Usage  -1  UsagePage 65280
Element 323 Button      Usage  -1  UsagePage 65280
Element 324 Button      Usage  -1  UsagePage 65280
Element 325 Button      Usage  -1  UsagePage 65280
Element 326 Button      Usage  -1  UsagePage 65280
Element 327 Button      Usage  -1  UsagePage 65280
Element 328 Button      Usage  -1  UsagePage 65280
Element 329 Button      Usage  -1  UsagePage 65280
Element 330 Button      Usage  -1  UsagePage 65280
Element 331 Button      Usage  -1  UsagePage 65280
Element 332 Button      Usage  -1  UsagePage 65280
Element 333 Button      Usage  -1  UsagePage 65280
Element 334 Button      Usage  -1  UsagePage 65280
Element 335 Button      Usage  -1  UsagePage 65280
Element 336 Button      Usage  -1  UsagePage 65280
Element 337 Button      Usage  -1  UsagePage 65280
Element 338 Button      Usage  -1  UsagePage 65280
Element 339 Button      Usage  -1  UsagePage 65280
Element 340 Button      Usage  -1  UsagePage 65280
Element 341 Button      Usage  -1  UsagePage 65280
Element 342 Button      Usage  -1  UsagePage 65280
Element 343 Button      Usage  -1  UsagePage 65280
Element 344 Button      Usage  -1  UsagePage 65280
Element 345 Button      Usage  -1  UsagePage 65280
Element 346 Button      Usage  -1  UsagePage 65280
Element 347 Button      Usage  -1  UsagePage 65280
Element 348 Button      Usage  -1  UsagePage 65280
Element 349 Button      Usage  -1  UsagePage 65280
Element 350 Button      Usage  -1  UsagePage 65280
Element 351 Button      Usage  -1  UsagePage 65280
Element 352 Button      Usage  -1  UsagePage 65280
Element 353 Button      Usage  -1  UsagePage 65280
Element 354 Button      Usage  -1  UsagePage 65280
Element 355 Button      Usage  -1  UsagePage 65280
Element 356 Button      Usage  -1  UsagePage 65280
Element 357 Button      Usage  -1  UsagePage 65280
Element 358 Button      Usage  -1  UsagePage 65280
Element 359 Button      Usage  -1  UsagePage 65280
Element 360 Button      Usage  -1  UsagePage 65280
Element 361 Button      Usage  -1  UsagePage 65280
Element 362 Button      Usage  -1  UsagePage 65280
Element 363 Button      Usage  -1  UsagePage 65280
Element 364 Button      Usage  -1  UsagePage 65280
Element 365 Button      Usage  -1  UsagePage 65280
Element 366 Button      Usage  -1  UsagePage 65280
Element 367 Button      Usage  -1  UsagePage 65280
Element 368 Button      Usage  -1  UsagePage 65280
Element 369 Button      Usage  -1  UsagePage 65280
Element 370 Button      Usage  -1  UsagePage 65280
Element 371 Button      Usage  -1  UsagePage 65280
Element 372 Button      Usage  -1  UsagePage 65280
Element 373 Button      Usage  -1  UsagePage 65280
Element 374 Button      Usage  -1  UsagePage 65280
Element 375 Button      Usage  -1  UsagePage 65280
Element 376 Button      Usage  -1  UsagePage 65280
Element 377 Button      Usage  -1  UsagePage 65280
Element 378 Button      Usage  -1  UsagePage 65280
Element 379 Button      Usage  -1  UsagePage 65280
Element 380 Button      Usage  -1  UsagePage 65280
Element 381 Button      Usage  -1  UsagePage 65280
Element 382 Button      Usage  -1  UsagePage 65280
Element 383 Button      Usage  -1  UsagePage 65280
Element 384 Button      Usage  -1  UsagePage 65280
Element 385 Button      Usage  -1  UsagePage 65280
Element 386 Button      Usage  -1  UsagePage 65280
Element 387 Button      Usage  -1  UsagePage 65280
Element 388 Button      Usage  -1  UsagePage 65280
Element 389 Button      Usage  -1  UsagePage 65280
Element 390 Button      Usage  -1  UsagePage 65280
Element 391 Button      Usage  -1  UsagePage 65280
Element 392 Button      Usage  -1  UsagePage 65280
Element 393 Button      Usage  -1  UsagePage 65280
Element 394 Button      Usage  -1  UsagePage 65280
Element 395 Button      Usage  -1  UsagePage 65280
Element 396 Button      Usage  -1  UsagePage 65280
Element 397 Button      Usage  -1  UsagePage 65280
Element 398 Button      Usage  -1  UsagePage 65280
Element 399 Button      Usage  -1  UsagePage 65280
Element 400 Button      Usage  -1  UsagePage 65280
Element 401 Button      Usage  -1  UsagePage 65280
Element 402 Button      Usage  -1  UsagePage 65280
Element 403 Button      Usage  -1  UsagePage 65280
Element 404 Button      Usage  -1  UsagePage 65280
Element 405 Button      Usage  -1  UsagePage 65280
Element 406 Button      Usage  -1  UsagePage 65280
Element 407 Button      Usage  -1  UsagePage 65280
Element 408 Button      Usage  -1  UsagePage 65280
Element 409 Button      Usage  -1  UsagePage 65280
Element 410 Button      Usage  -1  UsagePage 65280
Element 411 Button      Usage  -1  UsagePage 65280
Element 412 Button      Usage  -1  UsagePage 65280
Element 413 Button      Usage  -1  UsagePage 65280
Element 414 Button      Usage  -1  UsagePage 65280
Element 415 Button      Usage  -1  UsagePage 65280
Element 416 Button      Usage  -1  UsagePage 65280
Element 417 Button      Usage  -1  UsagePage 65280
Element 418 Button      Usage  -1  UsagePage 65280
Element 419 Button      Usage  -1  UsagePage 65280
Element 420 Button      Usage  -1  UsagePage 65280
Element 421 Button      Usage  -1  UsagePage 65280
Element 422 Button      Usage  -1  UsagePage 65280
Element 423 Button      Usage  -1  UsagePage 65280
Element 424 Button      Usage  -1  UsagePage 65280
Element 425 Button      Usage  -1  UsagePage 65280
Element 426 Button      Usage  -1  UsagePage 65280
Element 427 Button      Usage  -1  UsagePage 65280
Element 428 Button      Usage  -1  UsagePage 65280
Element 429 Button      Usage  -1  UsagePage 65280
Element 430 Button      Usage  -1  UsagePage 65280
Element 431 Button      Usage  -1  UsagePage 65280
Element 432 Button      Usage  -1  UsagePage 65280
Element 433 Button      Usage  -1  UsagePage 65280
Element 434 Button      Usage  -1  UsagePage 65280
Element 435 Button      Usage  -1  UsagePage 65280
Element 436 Button      Usage  -1  UsagePage 65280
Element 437 Button      Usage  -1  UsagePage 65280
Element 438 Button      Usage  -1  UsagePage 65280
Element 439 Button      Usage  -1  UsagePage 65280
Element 440 Button      Usage  -1  UsagePage 65280
Element 441 Button      Usage  -1  UsagePage 65280
Element 442 Button      Usage  -1  UsagePage 65280
Element 443 Button      Usage  -1  UsagePage 65280
Element 444 Button      Usage  -1  UsagePage 65280
Element 445 Button      Usage  -1  UsagePage 65280
Element 446 Button      Usage  -1  UsagePage 65280
Element 447 Button      Usage  -1  UsagePage 65280
Element 448 Button      Usage  -1  UsagePage 65280
Element 449 Button      Usage  -1  UsagePage 65280
Element 450 Button      Usage  -1  UsagePage 65280
Element 451 Button      Usage  -1  UsagePage 65280
Element 452 Button      Usage  -1  UsagePage 65280
Element 453 Button      Usage  -1  UsagePage 65280
Element 454 Button      Usage  -1  UsagePage 65280
Element 455 Button      Usage  -1  UsagePage 65280
Element 456 Button      Usage  -1  UsagePage 65280
Element 457 Button      Usage  -1  UsagePage 65280
Element 458 Button      Usage  -1  UsagePage 65280
Element 459 Button      Usage  -1  UsagePage 65280
Element 460 Button      Usage  -1  UsagePage 65280
Element 461 Button      Usage  -1  UsagePage 65280
Element 462 Button      Usage  -1  UsagePage 65280
Element 463 Button      Usage  -1  UsagePage 65280
Element 464 Button      Usage  -1  UsagePage 65280
Element 465 Button      Usage  -1  UsagePage 65280
Element 466 Button      Usage  -1  UsagePage 65280
Element 467 Button      Usage  -1  UsagePage 65280
Element 468 Button      Usage  -1  UsagePage 65280
Element 469 Button      Usage  -1  UsagePage 65280
Element 470 Button      Usage  -1  UsagePage 65280
Element 471 Button      Usage  -1  UsagePage 65280
Element 472 Button      Usage  -1  UsagePage 65280
Element 473 Button      Usage  -1  UsagePage 65280
Element 474 Button      Usage  -1  UsagePage 65280
Element 475 Button      Usage  -1  UsagePage 65280
Element 476 Button      Usage  -1  UsagePage 65280
Element 477 Button      Usage  -1  UsagePage 65280
Element 478 Button      Usage  -1  UsagePage 65280
Element 479 Button      Usage  -1  UsagePage 65280
Element 480 Button      Usage  -1  UsagePage 65280
Element 481 Button      Usage  -1  UsagePage 65280
Element 482 Button      Usage  -1  UsagePage 65280
Element 483 Button      Usage  -1  UsagePage 65280
Element 484 Button      Usage  -1  UsagePage 65280
Element 485 Button      Usage  -1  UsagePage 65280
Element 486 Button      Usage  -1  UsagePage 65280
Element 487 Button      Usage  -1  UsagePage 65280
Element 488 Button      Usage  -1  UsagePage 65280
Element 489 Button      Usage  -1  UsagePage 65280
Element 490 Button      Usage  -1  UsagePage 65280
Element 491 Button      Usage  -1  UsagePage 65280
Element 492 Button      Usage  -1  UsagePage 65280
Element 493 Button      Usage  -1  UsagePage 65280
Element 494 Button      Usage  -1  UsagePage 65280
Element 495 Button      Usage  -1  UsagePage 65280
Element 496 Button      Usage  -1  UsagePage 65280
Element 497 Button      Usage  -1  UsagePage 65280
Element 498 Button      Usage  -1  UsagePage 65280
Element 499 Button      Usage  -1  UsagePage 65280
Element 500 Button      Usage  -1  UsagePage 65280
Element 501 Button      Usage  -1  UsagePage 65280
Element 502 Button      Usage  -1  UsagePage 65280
Element 503 Button      Usage  -1  UsagePage 65280
Element 504 Button      Usage  -1  UsagePage 65280
Element 505 Button      Usage  -1  UsagePage 65280
Element 506 Button      Usage  -1  UsagePage 65280
Element 507 Button      Usage  -1  UsagePage 65280
Element 508 Button      Usage  -1  UsagePage 65280
Element 509 Button      Usage  -1  UsagePage 65280
Element 510 Button      Usage  -1  UsagePage 65280
Element 511 Button      Usage  -1  UsagePage 65280
Element 512 Button      Usage  -1  UsagePage 65280
Element 513 Button      Usage   1  UsagePage 65280
This HID Device has 6 elements.
Element   0 Collection  Usage   2  UsagePage   1
    Can function as mouse
Element   1 Collection  Usage   1  UsagePage   1
Element   2 Misc        Usage  48  UsagePage   1
Element   3 Misc        Usage  49  UsagePage   1
Element   4 Button      Usage   1  UsagePage   9
Element   5 Misc        Usage  56  UsagePage   1
This HID Device has 51 elements.
Element   0 Collection  Usage   4  UsagePage   1
    Can function as Joystick
Element   1 Collection  Usage   1  UsagePage   1
Element   2 Button      Usage   1  UsagePage   9
Element   3 Button      Usage   2  UsagePage   9
Element   4 Button      Usage   3  UsagePage   9
Element   5 Button      Usage   4  UsagePage   9
Element   6 Button      Usage   5  UsagePage   9
Element   7 Button      Usage   6  UsagePage   9
Element   8 Button      Usage   7  UsagePage   9
Element   9 Button      Usage   8  UsagePage   9
Element  10 Button      Usage   9  UsagePage   9
Element  11 Button      Usage  10  UsagePage   9
Element  12 Button      Usage  11  UsagePage   9
Element  13 Button      Usage  12  UsagePage   9
Element  14 Button      Usage  13  UsagePage   9
Element  15 Button      Usage  14  UsagePage   9
Element  16 Button      Usage  15  UsagePage   9
Element  17 Button      Usage  16  UsagePage   9
Element  18 Button      Usage  17  UsagePage   9
Element  19 Button      Usage  18  UsagePage   9
Element  20 Button      Usage  19  UsagePage   9
Element  21 Button      Usage  20  UsagePage   9
Element  22 Button      Usage  21  UsagePage   9
Element  23 Button      Usage  22  UsagePage   9
Element  24 Button      Usage  23  UsagePage   9
Element  25 Button      Usage  24  UsagePage   9
Element  26 Button      Usage  25  UsagePage   9
Element  27 Button      Usage  26  UsagePage   9
Element  28 Button      Usage  27  UsagePage   9
Element  29 Button      Usage  28  UsagePage   9
Element  30 Button      Usage  29  UsagePage   9
Element  31 Button      Usage  30  UsagePage   9
Element  32 Button      Usage  31  UsagePage   9
Element  33 Button      Usage  32  UsagePage   9
Element  34 Button      Usage  33  UsagePage   9
Element  35 Button      Usage  34  UsagePage   9
Element  36 Button      Usage  35  UsagePage   9
Element  37 Button      Usage  36  UsagePage   9
Element  38 Button      Usage  37  UsagePage   9
Element  39 Button      Usage  38  UsagePage   9
Element  40 Button      Usage  39  UsagePage   9
Element  41 Misc        Usage  48  UsagePage   1
Element  42 Misc        Usage  49  UsagePage   1
Element  43 Misc        Usage  53  UsagePage   1
Element  44 Misc        Usage  50  UsagePage   1
Element  45 Misc        Usage  51  UsagePage   1
Element  46 Misc        Usage  52  UsagePage   1
Element  47 Misc        Usage  54  UsagePage   1
Element  48 Misc        Usage  57  UsagePage   1
Element  49 Misc        Usage  36  UsagePage   5
Element  50 Misc        Usage  38  UsagePage   5
    This element is for Button 0
    This element is for Button 1
    This element is for Button 2
    This element is for Button 3
    This element is for Button 4
    This element is for Button 5
    This element is for Button 6
    This element is for Button 7
    This element is for Button 8
    This element is for Button 9
    This element is for Button 10
    This element is for Button 11
    This element is for Button 12
    This element is for Button 13
    This element is for Button 14
    This element is for Button 15
    This element is for Button 16
    This element is for Button 17
    This element is for Button 18
    This element is for Button 19
    This element is for Button 20
    This element is for Button 21
    This element is for Button 22
    This element is for Button 23
    This element is for Button 24
    This element is for Button 25
    This element is for Button 26
    This element is for Button 27
    This element is for Button 28
    This element is for Button 29
    This element is for Button 30
    This element is for Button 31
    This element is for Button 32
    This element is for Button 33
    This element is for Button 34
    This element is for Button 35
    This element is for Button 36
    This element is for Button 37
    This element is for Button 38
    This element is for X-Axis (0->1023) Scaled(0->1023)
    This element is for Y-Axis (0->1023) Scaled(0->1023)
    This element is for Rz-Axis (0->1023) Scaled(0->1023)
    This element is for Z-Axis (0->255) Scaled(0->255)
    This element is for Rx-Axis (0->255) Scaled(0->255)
    This element is for Ry-Axis (0->255) Scaled(0->255)
    This element is for Slider (0->255) Scaled(0->255)
    This element is for Hatswitch (1->8) Scaled(1->8)
This HID Device has 7 elements.
Element   0 Collection  Usage   2  UsagePage   1
    Can function as mouse
Element   1 Collection  Usage   1  UsagePage   1
Element   2 Button      Usage   1  UsagePage   9
Element   3 Button      Usage   2  UsagePage   9
Element   4 Button      Usage   3  UsagePage   9
Element   5 Misc        Usage  48  UsagePage   1
Element   6 Misc        Usage  49  UsagePage   1
This HID Device has 9 elements.
Element   0 Collection  Usage   1  UsagePage  12
Element   1 Button      Usage  -1  UsagePage   1
Element   2 Button      Usage 139  UsagePage   1
Element   3 Button      Usage 138  UsagePage   1
Element   4 Button      Usage 137  UsagePage   1
Element   5 Button      Usage  -1  UsagePage   1
Element   6 Button      Usage 141  UsagePage   1
Element   7 Button      Usage 140  UsagePage   1
Element   8 Misc        Usage  34  UsagePage   6
This HID Device has 286 elements.
Element   0 Collection  Usage   6  UsagePage   1
    Can function as Keyboard
Element   1 Button      Usage 224  UsagePage   7
Element   2 Button      Usage 225  UsagePage   7
Element   3 Button      Usage 226  UsagePage   7
Element   4 Button      Usage 227  UsagePage   7
Element   5 Button      Usage 228  UsagePage   7
Element   6 Button      Usage 229  UsagePage   7
Element   7 Button      Usage 230  UsagePage   7
Element   8 Button      Usage 231  UsagePage   7
Element   9 Button      Usage  -1  UsagePage   7
Element  10 Button      Usage  -1  UsagePage   7
Element  11 Button      Usage  -1  UsagePage   7
Element  12 Button      Usage  -1  UsagePage   7
Element  13 Button      Usage  -1  UsagePage   7
Element  14 Button      Usage  -1  UsagePage   7
Element  15 Button      Usage  -1  UsagePage   7
Element  16 Button      Usage   0  UsagePage   7
Element  17 Button      Usage   1  UsagePage   7
Element  18 Button      Usage   2  UsagePage   7
Element  19 Button      Usage   3  UsagePage   7
Element  20 Button      Usage   4  UsagePage   7
Element  21 Button      Usage   5  UsagePage   7
Element  22 Button      Usage   6  UsagePage   7
Element  23 Button      Usage   7  UsagePage   7
Element  24 Button      Usage   8  UsagePage   7
Element  25 Button      Usage   9  UsagePage   7
Element  26 Button      Usage  10  UsagePage   7
Element  27 Button      Usage  11  UsagePage   7
Element  28 Button      Usage  12  UsagePage   7
Element  29 Button      Usage  13  UsagePage   7
Element  30 Button      Usage  14  UsagePage   7
Element  31 Button      Usage  15  UsagePage   7
Element  32 Button      Usage  16  UsagePage   7
Element  33 Button      Usage  17  UsagePage   7
Element  34 Button      Usage  18  UsagePage   7
Element  35 Button      Usage  19  UsagePage   7
Element  36 Button      Usage  20  UsagePage   7
Element  37 Button      Usage  21  UsagePage   7
Element  38 Button      Usage  22  UsagePage   7
Element  39 Button      Usage  23  UsagePage   7
Element  40 Button      Usage  24  UsagePage   7
Element  41 Button      Usage  25  UsagePage   7
Element  42 Button      Usage  26  UsagePage   7
Element  43 Button      Usage  27  UsagePage   7
Element  44 Button      Usage  28  UsagePage   7
Element  45 Button      Usage  29  UsagePage   7
Element  46 Button      Usage  30  UsagePage   7
Element  47 Button      Usage  31  UsagePage   7
Element  48 Button      Usage  32  UsagePage   7
Element  49 Button      Usage  33  UsagePage   7
Element  50 Button      Usage  34  UsagePage   7
Element  51 Button      Usage  35  UsagePage   7
Element  52 Button      Usage  36  UsagePage   7
Element  53 Button      Usage  37  UsagePage   7
Element  54 Button      Usage  38  UsagePage   7
Element  55 Button      Usage  39  UsagePage   7
Element  56 Button      Usage  40  UsagePage   7
Element  57 Button      Usage  41  UsagePage   7
Element  58 Button      Usage  42  UsagePage   7
Element  59 Button      Usage  43  UsagePage   7
Element  60 Button      Usage  44  UsagePage   7
Element  61 Button      Usage  45  UsagePage   7
Element  62 Button      Usage  46  UsagePage   7
Element  63 Button      Usage  47  UsagePage   7
Element  64 Button      Usage  48  UsagePage   7
Element  65 Button      Usage  49  UsagePage   7
Element  66 Button      Usage  50  UsagePage   7
Element  67 Button      Usage  51  UsagePage   7
Element  68 Button      Usage  52  UsagePage   7
Element  69 Button      Usage  53  UsagePage   7
Element  70 Button      Usage  54  UsagePage   7
Element  71 Button      Usage  55  UsagePage   7
Element  72 Button      Usage  56  UsagePage   7
Element  73 Button      Usage  57  UsagePage   7
Element  74 Button      Usage  58  UsagePage   7
Element  75 Button      Usage  59  UsagePage   7
Element  76 Button      Usage  60  UsagePage   7
Element  77 Button      Usage  61  UsagePage   7
Element  78 Button      Usage  62  UsagePage   7
Element  79 Button      Usage  63  UsagePage   7
Element  80 Button      Usage  64  UsagePage   7
Element  81 Button      Usage  65  UsagePage   7
Element  82 Button      Usage  66  UsagePage   7
Element  83 Button      Usage  67  UsagePage   7
Element  84 Button      Usage  68  UsagePage   7
Element  85 Button      Usage  69  UsagePage   7
Element  86 Button      Usage  70  UsagePage   7
Element  87 Button      Usage  71  UsagePage   7
Element  88 Button      Usage  72  UsagePage   7
Element  89 Button      Usage  73  UsagePage   7
Element  90 Button      Usage  74  UsagePage   7
Element  91 Button      Usage  75  UsagePage   7
Element  92 Button      Usage  76  UsagePage   7
Element  93 Button      Usage  77  UsagePage   7
Element  94 Button      Usage  78  UsagePage   7
Element  95 Button      Usage  79  UsagePage   7
Element  96 Button      Usage  80  UsagePage   7
Element  97 Button      Usage  81  UsagePage   7
Element  98 Button      Usage  82  UsagePage   7
Element  99 Button      Usage  83  UsagePage   7
Element 100 Button      Usage  84  UsagePage   7
Element 101 Button      Usage  85  UsagePage   7
Element 102 Button      Usage  86  UsagePage   7
Element 103 Button      Usage  87  UsagePage   7
Element 104 Button      Usage  88  UsagePage   7
Element 105 Button      Usage  89  UsagePage   7
Element 106 Button      Usage  90  UsagePage   7
Element 107 Button      Usage  91  UsagePage   7
Element 108 Button      Usage  92  UsagePage   7
Element 109 Button      Usage  93  UsagePage   7
Element 110 Button      Usage  94  UsagePage   7
Element 111 Button      Usage  95  UsagePage   7
Element 112 Button      Usage  96  UsagePage   7
Element 113 Button      Usage  97  UsagePage   7
Element 114 Button      Usage  98  UsagePage   7
Element 115 Button      Usage  99  UsagePage   7
Element 116 Button      Usage 100  UsagePage   7
Element 117 Button      Usage 101  UsagePage   7
Element 118 Button      Usage 102  UsagePage   7
Element 119 Button      Usage 103  UsagePage   7
Element 120 Button      Usage 104  UsagePage   7
Element 121 Button      Usage 105  UsagePage   7
Element 122 Button      Usage 106  UsagePage   7
Element 123 Button      Usage 107  UsagePage   7
Element 124 Button      Usage 108  UsagePage   7
Element 125 Button      Usage 109  UsagePage   7
Element 126 Button      Usage 110  UsagePage   7
Element 127 Button      Usage 111  UsagePage   7
Element 128 Button      Usage 112  UsagePage   7
Element 129 Button      Usage 113  UsagePage   7
Element 130 Button      Usage 114  UsagePage   7
Element 131 Button      Usage 115  UsagePage   7
Element 132 Button      Usage 116  UsagePage   7
Element 133 Button      Usage 117  UsagePage   7
Element 134 Button      Usage 118  UsagePage   7
Element 135 Button      Usage 119  UsagePage   7
Element 136 Button      Usage 120  UsagePage   7
Element 137 Button      Usage 121  UsagePage   7
Element 138 Button      Usage 122  UsagePage   7
Element 139 Button      Usage 123  UsagePage   7
Element 140 Button      Usage 124  UsagePage   7
Element 141 Button      Usage 125  UsagePage   7
Element 142 Button      Usage 126  UsagePage   7
Element 143 Button      Usage 127  UsagePage   7
Element 144 Button      Usage 128  UsagePage   7
Element 145 Button      Usage 129  UsagePage   7
Element 146 Button      Usage 130  UsagePage   7
Element 147 Button      Usage 131  UsagePage   7
Element 148 Button      Usage 132  UsagePage   7
Element 149 Button      Usage 133  UsagePage   7
Element 150 Button      Usage 134  UsagePage   7
Element 151 Button      Usage 135  UsagePage   7
Element 152 Button      Usage 136  UsagePage   7
Element 153 Button      Usage 137  UsagePage   7
Element 154 Button      Usage 138  UsagePage   7
Element 155 Button      Usage 139  UsagePage   7
Element 156 Button      Usage 140  UsagePage   7
Element 157 Button      Usage 141  UsagePage   7
Element 158 Button      Usage 142  UsagePage   7
Element 159 Button      Usage 143  UsagePage   7
Element 160 Button      Usage 144  UsagePage   7
Element 161 Button      Usage 145  UsagePage   7
Element 162 Button      Usage 146  UsagePage   7
Element 163 Button      Usage 147  UsagePage   7
Element 164 Button      Usage 148  UsagePage   7
Element 165 Button      Usage 149  UsagePage   7
Element 166 Button      Usage 150  UsagePage   7
Element 167 Button      Usage 151  UsagePage   7
Element 168 Button      Usage 152  UsagePage   7
Element 169 Button      Usage 153  UsagePage   7
Element 170 Button      Usage 154  UsagePage   7
Element 171 Button      Usage 155  UsagePage   7
Element 172 Button      Usage 156  UsagePage   7
Element 173 Button      Usage 157  UsagePage   7
Element 174 Button      Usage 158  UsagePage   7
Element 175 Button      Usage 159  UsagePage   7
Element 176 Button      Usage 160  UsagePage   7
Element 177 Button      Usage 161  UsagePage   7
Element 178 Button      Usage 162  UsagePage   7
Element 179 Button      Usage 163  UsagePage   7
Element 180 Button      Usage 164  UsagePage   7
Element 181 Button      Usage 165  UsagePage   7
Element 182 Button      Usage 166  UsagePage   7
Element 183 Button      Usage 167  UsagePage   7
Element 184 Button      Usage 168  UsagePage   7
Element 185 Button      Usage 169  UsagePage   7
Element 186 Button      Usage 170  UsagePage   7
Element 187 Button      Usage 171  UsagePage   7
Element 188 Button      Usage 172  UsagePage   7
Element 189 Button      Usage 173  UsagePage   7
Element 190 Button      Usage 174  UsagePage   7
Element 191 Button      Usage 175  UsagePage   7
Element 192 Button      Usage 176  UsagePage   7
Element 193 Button      Usage 177  UsagePage   7
Element 194 Button      Usage 178  UsagePage   7
Element 195 Button      Usage 179  UsagePage   7
Element 196 Button      Usage 180  UsagePage   7
Element 197 Button      Usage 181  UsagePage   7
Element 198 Button      Usage 182  UsagePage   7
Element 199 Button      Usage 183  UsagePage   7
Element 200 Button      Usage 184  UsagePage   7
Element 201 Button      Usage 185  UsagePage   7
Element 202 Button      Usage 186  UsagePage   7
Element 203 Button      Usage 187  UsagePage   7
Element 204 Button      Usage 188  UsagePage   7
Element 205 Button      Usage 189  UsagePage   7
Element 206 Button      Usage 190  UsagePage   7
Element 207 Button      Usage 191  UsagePage   7
Element 208 Button      Usage 192  UsagePage   7
Element 209 Button      Usage 193  UsagePage   7
Element 210 Button      Usage 194  UsagePage   7
Element 211 Button      Usage 195  UsagePage   7
Element 212 Button      Usage 196  UsagePage   7
Element 213 Button      Usage 197  UsagePage   7
Element 214 Button      Usage 198  UsagePage   7
Element 215 Button      Usage 199  UsagePage   7
Element 216 Button      Usage 200  UsagePage   7
Element 217 Button      Usage 201  UsagePage   7
Element 218 Button      Usage 202  UsagePage   7
Element 219 Button      Usage 203  UsagePage   7
Element 220 Button      Usage 204  UsagePage   7
Element 221 Button      Usage 205  UsagePage   7
Element 222 Button      Usage 206  UsagePage   7
Element 223 Button      Usage 207  UsagePage   7
Element 224 Button      Usage 208  UsagePage   7
Element 225 Button      Usage 209  UsagePage   7
Element 226 Button      Usage 210  UsagePage   7
Element 227 Button      Usage 211  UsagePage   7
Element 228 Button      Usage 212  UsagePage   7
Element 229 Button      Usage 213  UsagePage   7
Element 230 Button      Usage 214  UsagePage   7
Element 231 Button      Usage 215  UsagePage   7
Element 232 Button      Usage 216  UsagePage   7
Element 233 Button      Usage 217  UsagePage   7
Element 234 Button      Usage 218  UsagePage   7
Element 235 Button      Usage 219  UsagePage   7
Element 236 Button      Usage 220  UsagePage   7
Element 237 Button      Usage 221  UsagePage   7
Element 238 Button      Usage 222  UsagePage   7
Element 239 Button      Usage 223  UsagePage   7
Element 240 Button      Usage 224  UsagePage   7
Element 241 Button      Usage 225  UsagePage   7
Element 242 Button      Usage 226  UsagePage   7
Element 243 Button      Usage 227  UsagePage   7
Element 244 Button      Usage 228  UsagePage   7
Element 245 Button      Usage 229  UsagePage   7
Element 246 Button      Usage 230  UsagePage   7
Element 247 Button      Usage 231  UsagePage   7
Element 248 Button      Usage 232  UsagePage   7
Element 249 Button      Usage 233  UsagePage   7
Element 250 Button      Usage 234  UsagePage   7
Element 251 Button      Usage 235  UsagePage   7
Element 252 Button      Usage 236  UsagePage   7
Element 253 Button      Usage 237  UsagePage   7
Element 254 Button      Usage 238  UsagePage   7
Element 255 Button      Usage 239  UsagePage   7
Element 256 Button      Usage 240  UsagePage   7
Element 257 Button      Usage 241  UsagePage   7
Element 258 Button      Usage 242  UsagePage   7
Element 259 Button      Usage 243  UsagePage   7
Element 260 Button      Usage 244  UsagePage   7
Element 261 Button      Usage 245  UsagePage   7
Element 262 Button      Usage 246  UsagePage   7
Element 263 Button      Usage 247  UsagePage   7
Element 264 Button      Usage 248  UsagePage   7
Element 265 Button      Usage 249  UsagePage   7
Element 266 Button      Usage 250  UsagePage   7
Element 267 Button      Usage 251  UsagePage   7
Element 268 Button      Usage 252  UsagePage   7
Element 269 Button      Usage 253  UsagePage   7
Element 270 Button      Usage 254  UsagePage   7
Element 271 Button      Usage 255  UsagePage   7
Element 272 Button      Usage 184  UsagePage  12
Element 273 Output      Usage   1  UsagePage   8
Element 274 Output      Usage   2  UsagePage   8
Element 275 Output      Usage   3  UsagePage   8
Element 276 Output      Usage   4  UsagePage   8
Element 277 Output      Usage   5  UsagePage   8
Element 278 Misc        Usage   3  UsagePage 255
Element 279 Collection  Usage   1  UsagePage  12
Element 280 Button      Usage 205  UsagePage  12
Element 281 Button      Usage 179  UsagePage  12
Element 282 Button      Usage 180  UsagePage  12
Element 283 Button      Usage 181  UsagePage  12
Element 284 Button      Usage 182  UsagePage  12
Element 285 Feature     Usage  11  UsagePage 65281
This HID Device has 42 elements.
Element   0 Collection  Usage   1  UsagePage  12
Element   1 Button      Usage  -1  UsagePage  12
Element   2 Button      Usage  65  UsagePage  12
Element   3 Button      Usage  66  UsagePage  12
Element   4 Button      Usage  67  UsagePage  12
Element   5 Button      Usage  68  UsagePage  12
Element   6 Button      Usage  69  UsagePage  12
Element   7 Button      Usage 205  UsagePage  12
Element   8 Button      Usage 181  UsagePage  12
Element   9 Button      Usage 182  UsagePage  12
Element  10 Button      Usage 130  UsagePage  12
Element  11 Button      Usage  -1  UsagePage  12
Element  12 Button      Usage 180  UsagePage  12
Element  13 Button      Usage 179  UsagePage  12
Element  14 Button      Usage 233  UsagePage  12
Element  15 Button      Usage 234  UsagePage  12
Element  16 Button      Usage 176  UsagePage  12
Element  17 Button      Usage 177  UsagePage  12
Element  18 Button      Usage 226  UsagePage  12
Element  19 Button      Usage  64  UsagePage  12
Element  20 Button      Usage  -1  UsagePage   1
Element  21 Button      Usage 134  UsagePage   1
Element  22 Button      Usage 137  UsagePage   1
Element  23 Button      Usage 138  UsagePage   1
Element  24 Button      Usage 139  UsagePage   1
Element  25 Button      Usage 132  UsagePage   1
Element  26 Button      Usage 133  UsagePage   1
Element  27 Button      Usage 130  UsagePage   1
Element  28 Button      Usage 131  UsagePage   1
Element  29 Button      Usage  -1  UsagePage   1
Element  30 Button      Usage 140  UsagePage   1
Element  31 Button      Usage 141  UsagePage   1
Element  32 Button      Usage  -1  UsagePage 65281
Element  33 Button      Usage  32  UsagePage 65281
Element  34 Button      Usage  33  UsagePage 65281
Element  35 Button      Usage  34  UsagePage 65281
Element  36 Button      Usage  35  UsagePage 65281
Element  37 Button      Usage  48  UsagePage 65281
Element  38 Button      Usage  49  UsagePage 65281
Element  39 Button      Usage  80  UsagePage 65281
Element  40 Button      Usage  96  UsagePage 65281
Element  41 Misc        Usage  34  UsagePage   6
Joy[0] Ax0:+0.00 Ax1:+0.00 Ax2:+0.00 Ax3:-0.21 Ax4:+0.00 Ax5:+0.00 Ax6:+1.00 Buttons:000 0000 0000 1000 0000 0000 0000 0000 0000 0000  POV0:0
Joy[0] Ax0:+0.00 Ax1:+0.00 Ax2:+0.00 Ax3:-0.21 Ax4:+0.00 Ax5:+0.00 Ax6:+1.00 Buttons:000 0000 0000 1000 0000 0000 0000 0000 0000 0000  POV0:0
Joy[0] Ax0:+0.00 Ax1:+0.00 Ax2:+0.00 Ax3:-0.21 Ax4:+0.00 Ax5:+0.00 Ax6:+1.00 Buttons:000 0000 0000 1000 0000 0000 0000 0000 0000 0000  POV0:0
Joy[0] Ax0:+0.00 Ax1:+0.00 Ax2:+0.00 Ax3:-0.21 Ax4:+0.00 Ax5:+0.00 Ax6:+1.00 Buttons:000 0000 0000 1000 0000 0000 0000 0000 0000 0000  POV0:0
Joy[0] Ax0:+0.00 Ax1:+0.00 Ax2:+0.00 Ax3:-0.20 Ax4:+0.00 Ax5:+0.00 Ax6:+1.00 Buttons:000 0000 0000 1000 0000 0000 0000 0000 0000 0000  POV0:0
Joy[0] Ax0:+0.00 Ax1:+0.00 Ax2:+0.00 Ax3:-0.21 Ax4:+0.00 Ax5:+0.00 Ax6:+1.00 Buttons:000 0000 0000 1000 0000 0000 0000 0000 0000 0000  POV0:0
Joy[0] Ax0:+0.00 Ax1:+0.00 Ax2:+0.00 Ax3:-0.21 Ax4:+0.00 Ax5:+0.00 Ax6:+1.00 Buttons:000 0000 0000 1000 0000 0000 0000 0000 0000 0000  POV0:0
Joy[0] Ax0:+0.00 Ax1:+0.00 Ax2:+0.00 Ax3:-0.21 Ax4:+0.00 Ax5:+0.00 Ax6:+1.00 Buttons:000 0000 0000 1000 0000 0000 0000 0000 0000 0000  POV0:0
Joy[0] Ax0:+0